Arguments: 
  /usr/local/bin/node /usr/local/bin/yarn add mongodb

PATH: 
  /Library/Frameworks/Python.framework/Versions/3.7/bin:/Library/Frameworks/Python.framework/Versions/3.7/bin:/usr/local/bin:/usr/bin:/bin:/usr/sbin:/sbin:/opt/X11/bin:/Library/Frameworks/Python.framework/Versions/3.7/bin

Yarn version: 
  1.12.1

Node version: 
  10.14.2

Platform: 
  darwin x64

Trace: 
  Error: ENOENT: no such file or directory, copyfile '/Users/eno/Library/Caches/Yarn/v3/npm-ms-2.1.1-30a5864eb3ebb0a66f2ebe6d727af06a09d86e0a/node_modules/ms/readme.md' -> '/Users/eno/Documents/Wscats/1000phone/1903/node/day2/electron/node_modules/electron-download/node_modules/ms/readme.md'

npm manifest: 
  {
    "name": "electron-quick-start",
    "version": "1.0.0",
    "description": "A minimal Electron application",
    "main": "main.js",
    "scripts": {
      "start": "electron .",
      "dev": "dir"
    },
    "repository": "https://github.com/electron/electron-quick-start",
    "keywords": [
      "Electron",
      "quick",
      "start",
      "tutorial",
      "demo"
    ],
    "author": "GitHub",
    "license": "CC0-1.0",
    "devDependencies": {
      "electron": "^5.0.0"
    },
    "dependencies": {
      "bootstrap": "^4.3.1",
      "echarts": "^4.2.1",
      "jquery": "^3.4.1",
      "request": "^2.88.0"
    }
  }

yarn manifest: 
  No manifest

Lockfile: 
  No lockfile
